This is pdfTeX, Version 3.14159265-2.6-1.40.15 (TeX Live 2015/dev/Debian) (preloaded format=pdflatex 2015.1.7)  2 AUG 2015 17:13
entering extended mode
 restricted \write18 enabled.
 %&-line parsing enabled.
**"treatment_interactions paper.tex"
(./treatment_interactions paper.tex
LaTeX2e <2014/05/01>
Babel <3.9l> and hyphenation patterns for 25 languages loaded.
(/home/zeileis/lib/texmf/tex/latex/apa/apa.cls
Document Class: apa 2008/12/09 American Psychological Association format v1.3.4


Class apa Warning: Using BibTeX with apacite for citations and references.

(/usr/share/texlive/texmf-dist/tex/latex/base/article.cls
Document Class: article 2014/09/29 v1.4h Standard LaTeX document class
(/usr/share/texlive/texmf-dist/tex/latex/base/size11.clo
File: size11.clo 2014/09/29 v1.4h Standard LaTeX file (size option)
)
\c@part=\count79
\c@section=\count80
\c@subsection=\count81
\c@subsubsection=\count82
\c@paragraph=\count83
\c@subparagraph=\count84
\c@figure=\count85
\c@table=\count86
\abovecaptionskip=\skip41
\belowcaptionskip=\skip42
\bibindent=\dimen102
)
(/usr/share/texlive/texmf-dist/tex/latex/apacite/apacite.sty
Package: apacite 2013/07/21 v6.03 APA citation
\c@BibCnt=\count87
\bibleftmargin=\skip43
\bibindent=\skip44
\bibparsep=\skip45
\bibitemsep=\skip46
\biblabelsep=\skip47
)
\b@level@one@skip=\skip48
\e@level@one@skip=\skip49
\b@level@two@skip=\skip50
\e@level@two@skip=\skip51
\b@level@three@skip=\skip52
\e@level@three@skip=\skip53
\b@level@four@skip=\skip54
\e@level@four@skip=\skip55
\b@level@five@skip=\skip56
\e@level@five@skip=\skip57
\c@APAenum=\count88
\@text@par@indent=\skip58
\gr@box=\box26
\gr@boxwidth=\skip59
\gr@boxheight=\skip60

(/usr/share/texlive/texmf-dist/tex/latex/tools/bm.sty
Package: bm 2014/10/28 v1.1c Bold Symbol Support (DPC/FMi)
\symboldoperators=\mathgroup4
\symboldletters=\mathgroup5
\symboldsymbols=\mathgroup6
LaTeX Font Info:    Redeclaring math alphabet \mathbf on input line 137.
LaTeX Info: Redefining \bm on input line 203.
)
\c@appendix=\count89
)
(/usr/share/texlive/texmf-dist/tex/latex/amsfonts/amssymb.sty
Package: amssymb 2013/01/14 v3.01 AMS font symbols

(/usr/share/texlive/texmf-dist/tex/latex/amsfonts/amsfonts.sty
Package: amsfonts 2013/01/14 v3.01 Basic AMSFonts support
\@emptytoks=\toks14
\symAMSa=\mathgroup7
\symAMSb=\mathgroup8
LaTeX Font Info:    Overwriting math alphabet `\mathfrak' in version `bold'
(Font)                  U/euf/m/n --> U/euf/b/n on input line 106.
))
(/usr/share/texlive/texmf-dist/tex/latex/amsmath/amsmath.sty
Package: amsmath 2013/01/14 v2.14 AMS math features
\@mathmargin=\skip61

For additional information on amsmath, use the `?' option.
(/usr/share/texlive/texmf-dist/tex/latex/amsmath/amstext.sty
Package: amstext 2000/06/29 v2.01

(/usr/share/texlive/texmf-dist/tex/latex/amsmath/amsgen.sty
File: amsgen.sty 1999/11/30 v2.0
\@emptytoks=\toks15
\ex@=\dimen103
))
(/usr/share/texlive/texmf-dist/tex/latex/amsmath/amsbsy.sty
Package: amsbsy 1999/11/29 v1.2d
LaTeX Info: Redefining \boldsymbol on input line 39.
\pmbraise@=\dimen104
)
(/usr/share/texlive/texmf-dist/tex/latex/amsmath/amsopn.sty
Package: amsopn 1999/12/14 v2.01 operator names
)
\inf@bad=\count90
LaTeX Info: Redefining \frac on input line 210.
\uproot@=\count91
\leftroot@=\count92
LaTeX Info: Redefining \overline on input line 306.
\classnum@=\count93
\DOTSCASE@=\count94
LaTeX Info: Redefining \ldots on input line 378.
LaTeX Info: Redefining \dots on input line 381.
LaTeX Info: Redefining \cdots on input line 466.
\Mathstrutbox@=\box27
\strutbox@=\box28
\big@size=\dimen105
LaTeX Font Info:    Redeclaring font encoding OML on input line 566.
LaTeX Font Info:    Redeclaring font encoding OMS on input line 567.
\macc@depth=\count95
\c@MaxMatrixCols=\count96
\dotsspace@=\muskip10
\c@parentequation=\count97
\dspbrk@lvl=\count98
\tag@help=\toks16
\row@=\count99
\column@=\count100
\maxfields@=\count101
\andhelp@=\toks17
\eqnshift@=\dimen106
\alignsep@=\dimen107
\tagshift@=\dimen108
\tagwidth@=\dimen109
\totwidth@=\dimen110
\lineht@=\dimen111
\@envbody=\toks18
\multlinegap=\skip62
\multlinetaggap=\skip63
\mathdisplay@stack=\toks19
LaTeX Info: Redefining \[ on input line 2665.
LaTeX Info: Redefining \] on input line 2666.
)
(/usr/share/texlive/texmf-dist/tex/latex/amscls/amsthm.sty
Package: amsthm 2009/07/02 v2.20.1
\thm@style=\toks20
\thm@bodyfont=\toks21
\thm@headfont=\toks22
\thm@notefont=\toks23
\thm@headpunct=\toks24
\thm@preskip=\skip64
\thm@postskip=\skip65
\thm@headsep=\skip66
\dth@everypar=\toks25
)
(/usr/share/texlive/texmf-dist/tex/latex/tools/tabularx.sty
Package: tabularx 2014/10/28 v2.10 `tabularx' package (DPC)

(/usr/share/texlive/texmf-dist/tex/latex/tools/array.sty
Package: array 2014/10/28 v2.4c Tabular extension package (FMi)
\col@sep=\dimen112
\extrarowheight=\dimen113
\NC@list=\toks26
\extratabsurround=\skip67
\backup@length=\skip68
)
\TX@col@width=\dimen114
\TX@old@table=\dimen115
\TX@old@col=\dimen116
\TX@target=\dimen117
\TX@delta=\dimen118
\TX@cols=\count102
\TX@ftn=\toks27
)
(/usr/share/texlive/texmf-dist/tex/latex/curves/curves.sty
Package: curves 2009/08/31 1.53 Curves for LaTeX picture environment
\;sc=\count103
\;scp=\count104
\;t=\count105
\;cc=\count106
\;cnd=\count107
\;mcnd=\count108
\;np=\count109
\;overhang=\count110
\;pbs=\count111
\;pns=\count112
\;psc=\count113
\;rc=\count114
\;rtc=\count115
\;tc=\count116
\csdiameter=\skip69
\curvelength=\skip70
\overhang=\skip71
\;x=\skip72
\;dx=\skip73
\;ddx=\skip74
\;y=\skip75
\;dy=\skip76
\;ddy=\skip77
\;pl=\skip78
\;ucd=\skip79
\;csbox=\box29
\;pt=\box30
\;strline=\toks28
\m;ssingcoord=\toks29
\;negdash=\toks30
\;oddcoord=\toks31
\;wc=\count117
\;X=\skip80
\;Y=\skip81
)
(/usr/share/texlive/texmf-dist/tex/generic/texdraw/texdraw.sty
(/usr/share/texlive/texmf-dist/tex/latex/graphics/graphics.sty
Package: graphics 2009/02/05 v1.0o Standard LaTeX Graphics (DPC,SPQR)

(/usr/share/texlive/texmf-dist/tex/latex/graphics/trig.sty
Package: trig 1999/03/16 v1.09 sin cos tan (DPC)
)
(/usr/share/texlive/texmf-dist/tex/latex/latexconfig/graphics.cfg
File: graphics.cfg 2010/04/23 v1.9 graphics configuration of TeX Live
)
Package graphics Info: Driver file: pdftex.def on input line 91.

(/usr/share/texlive/texmf-dist/tex/latex/pdftex-def/pdftex.def
File: pdftex.def 2011/05/27 v0.06d Graphics/color for pdfTeX

(/usr/share/texlive/texmf-dist/tex/generic/oberdiek/infwarerr.sty
Package: infwarerr 2010/04/08 v1.3 Providing info/warning/error messages (HO)
)
(/usr/share/texlive/texmf-dist/tex/generic/oberdiek/ltxcmds.sty
Package: ltxcmds 2011/11/09 v1.22 LaTeX kernel commands for general use (HO)
)
\Gread@gobject=\count118
))
(/usr/share/texlive/texmf-dist/tex/generic/texdraw/texdraw.tex
\t@counta=\count119
\t@countb=\count120
\t@countc=\count121
\t@countd=\count122
\t@counte=\count123
\t@pixa=\count124
\t@pixb=\count125
\t@pixc=\count126
\t@pixd=\count127
\t@xpos=\dimen119
\t@ypos=\dimen120
\xminpix=\count128
\xmaxpix=\count129
\yminpix=\count130
\ymaxpix=\count131
\a@lenpix=\count132
\a@widpix=\count133
\x@pix=\count134
\y@pix=\count135
\x@segoffpix=\count136
\y@segoffpix=\count137
\x@savepix=\count138
\y@savepix=\count139
\s@ppix=\count140
\d@bs=\count141
\t@xdnum=\count142
\t@xdbox=\box31
\drawfile=\write3
\everytexdraw=\toks32
)
Package: texdraw 1995/12/19 TeXdraw V2R0
)
(/usr/share/texlive/texmf-dist/tex/latex/psfrag/psfrag.sty
Package: psfrag 1998/04/11 v3.04 PSfrag (MCG)
\pfg@pcount=\count143
\pfg@scount=\count144
\pfg@temp=\write4
)
(/usr/share/texlive/texmf-dist/tex/generic/babel/babel.sty
Package: babel 2014/09/25 3.9l The Babel package

(/usr/share/texlive/texmf-dist/tex/generic/babel-english/english.ldf
Language: english 2012/08/20 v3.3p English support from the babel system

(/usr/share/texlive/texmf-dist/tex/generic/babel/babel.def
File: babel.def 2014/09/25 3.9l Babel common definitions
\babel@savecnt=\count145
\U@D=\dimen121
)
\l@canadian = a dialect from \language\l@american 
\l@australian = a dialect from \language\l@british 
\l@newzealand = a dialect from \language\l@british 
))
(/usr/share/texlive/texmf-dist/tex/latex/graphics/lscape.sty
Package: lscape 2000/10/22 v3.01 Landscape Pages (DPC)
)
(/usr/share/texlive/texmf-dist/tex/latex/tools/dcolumn.sty
Package: dcolumn 2014/10/28 v1.06 decimal alignment package (DPC)
)
(/usr/share/texlive/texmf-dist/tex/latex/tools/hhline.sty
Package: hhline 2014/10/28 v2.03 Table rule package (DPC)
)
(/usr/share/texlive/texmf-dist/tex/latex/graphics/graphicx.sty
Package: graphicx 2014/04/25 v1.0g Enhanced LaTeX Graphics (DPC,SPQR)

(/usr/share/texlive/texmf-dist/tex/latex/graphics/keyval.sty
Package: keyval 2014/05/08 v1.15 key=value parser (DPC)
\KV@toks@=\toks33
)
\Gin@req@height=\dimen122
\Gin@req@width=\dimen123
)
(/usr/share/texlive/texmf-dist/tex/latex/eepic/epic.sty
Enhancements to Picture Environment. Version 1.2 - Released June 1, 1986
\@@multicnt=\count146
\d@lta=\count147
\@delta=\dimen124
\@@delta=\dimen125
\@gridcnt=\count148
\@joinkind=\count149
\@dotgap=\dimen126
\@ddotgap=\dimen127
\@x@diff=\count150
\@y@diff=\count151
\x@diff=\dimen128
\y@diff=\dimen129
\@dotbox=\box32
\num@segments=\count152
\num@segmentsi=\count153
\@datafile=\read1
) (/usr/share/texlive/texmf-dist/tex/latex/eepic/eepic.sty
Extension to Epic and LaTeX. Version 1.1e - Released Dec 21, 1999
\@gphlinewidth=\count154
\@eepictcnt=\count155
\@tempdimc=\dimen130
\maxovaldiam=\dimen131
\@filltype=\box33
) (/usr/share/texlive/texmf-dist/tex/latex/rotating/rotating.sty
Package: rotating 2009/03/28 v2.16a rotated objects in LaTeX

(/usr/share/texlive/texmf-dist/tex/latex/base/ifthen.sty
Package: ifthen 2014/09/29 v1.1c Standard LaTeX ifthen package (DPC)
)
\c@r@tfl@t=\count156
\rotFPtop=\skip82
\rotFPbot=\skip83
\rot@float@box=\box34
\rot@mess@toks=\toks34
)
(/usr/share/texlive/texmf-dist/tex/generic/ulem/ulem.sty
\UL@box=\box35
\UL@hyphenbox=\box36
\UL@skip=\skip84
\UL@hook=\toks35
\UL@height=\dimen132
\UL@pe=\count157
\UL@pixel=\dimen133
\ULC@box=\box37
Package: ulem 2012/05/18
\ULdepth=\dimen134
)
(/home/zeileis/lib/texmf/tex/latex/fancyhdr.sty
\headwidth=\dimen135
)
(/usr/share/texlive/texmf-dist/tex/latex/eurosym/eurosym.sty
Package: eurosym 1998/08/06 v1.1 European currency symbol ``Euro''
\@eurobox=\box38
)
(/usr/share/texlive/texmf-dist/tex/latex/bbding/bbding.sty
Package: bbding 1999/04/15 v1.01 Dingbats symbols
)
(/usr/share/texlive/texmf-dist/tex/latex/tools/verbatim.sty
Package: verbatim 2014/10/28 v1.5q LaTeX2e package for verbatim enhancements
\every@verbatim=\toks36
\verbatim@line=\toks37
\verbatim@in@stream=\read2
)
(/usr/share/texlive/texmf-dist/tex/latex/ctable/ctable.sty
Package: ctable 2014/04/25 v1.29 ctable package for \ flexible typesetting of t
able and figure floats using key/value directives

(/usr/share/texlive/texmf-dist/tex/generic/oberdiek/ifpdf.sty
Package: ifpdf 2011/01/30 v2.3 Provides the ifpdf switch (HO)
Package ifpdf Info: pdfTeX in PDF mode is detected.
)
(/usr/share/texlive/texmf-dist/tex/latex/xcolor/xcolor.sty
Package: xcolor 2007/01/21 v2.11 LaTeX color extensions (UK)

(/usr/share/texlive/texmf-dist/tex/latex/latexconfig/color.cfg
File: color.cfg 2007/01/18 v1.5 color configuration of teTeX/TeXLive
)
Package xcolor Info: Driver file: pdftex.def on input line 225.
Package xcolor Info: Model `cmy' substituted by `cmy0' on input line 1337.
Package xcolor Info: Model `hsb' substituted by `rgb' on input line 1341.
Package xcolor Info: Model `RGB' extended on input line 1353.
Package xcolor Info: Model `HTML' substituted by `rgb' on input line 1355.
Package xcolor Info: Model `Hsb' substituted by `hsb' on input line 1356.
Package xcolor Info: Model `tHsb' substituted by `hsb' on input line 1357.
Package xcolor Info: Model `HSB' substituted by `hsb' on input line 1358.
Package xcolor Info: Model `Gray' substituted by `gray' on input line 1359.
Package xcolor Info: Model `wave' substituted by `hsb' on input line 1360.
)
(/usr/share/texlive/texmf-dist/tex/latex/xkeyval/xkeyval.sty
Package: xkeyval 2014/05/25 v2.7 package option processing (HA)

(/usr/share/texlive/texmf-dist/tex/generic/xkeyval/xkeyval.tex
(/usr/share/texlive/texmf-dist/tex/generic/xkeyval/xkvutils.tex
\XKV@toks=\toks38
\XKV@tempa@toks=\toks39
)
\XKV@depth=\count158
File: xkeyval.tex 2014/05/25 v2.7 key=value parser (HA)
))
(/usr/share/texlive/texmf-dist/tex/latex/booktabs/booktabs.sty
Package: booktabs 2005/04/14 v1.61803 publication quality tables
\heavyrulewidth=\dimen136
\lightrulewidth=\dimen137
\cmidrulewidth=\dimen138
\belowrulesep=\dimen139
\belowbottomsep=\dimen140
\aboverulesep=\dimen141
\abovetopsep=\dimen142
\cmidrulesep=\dimen143
\cmidrulekern=\dimen144
\defaultaddspace=\dimen145
\@cmidla=\count159
\@cmidlb=\count160
\@aboverulesep=\dimen146
\@belowrulesep=\dimen147
\@thisruleclass=\count161
\@lastruleclass=\count162
\@thisrulewidth=\dimen148
)
(/usr/share/texlive/texmf-dist/tex/latex/oberdiek/transparent.sty
Package: transparent 2007/01/08 v1.0 Transparency via pdfTeX's color stack (HO)


(/usr/share/texlive/texmf-dist/tex/latex/oberdiek/auxhook.sty
Package: auxhook 2011/03/04 v1.3 Hooks for auxiliary files (HO)
))
\@ctblframesep=\dimen149
\@defaultctblframesep=\dimen150
\@ctblframerule=\dimen151
\@defaultctblframerule=\dimen152
\@ctblwidth=\dimen153
\@defaultctblwidth=\dimen154
\@ctblcaptionskip=\dimen155
\@defaultctblcaptionskip=\dimen156
\@ctblmaxwidth=\dimen157
\@defaultctblmaxwidth=\dimen158
\@ctblmincapwidth=\dimen159
\@defaultctblmincapwidth=\dimen160
\@ctblfooterwidth=\dimen161
\@defaultctblfooterwidth=\dimen162
\@ctblw=\dimen163
\@ctblfloatwidth=\dimen164
\@ctbloldsep=\dimen165
\@ctbloldrule=\dimen166
\ctbl@t=\box39
\@ctblcurftwidth=\dimen167
)
(/usr/share/texlive/texmf-dist/tex/latex/multirow/multirow.sty
\bigstrutjot=\dimen168
)
(/usr/share/texlive/texmf-dist/tex/latex/lineno/lineno.sty
Package: lineno 2005/11/02 line numbers on paragraphs v4.41
\linenopenalty=\count163
\output=\toks40
\linenoprevgraf=\count164
\linenumbersep=\dimen169
\linenumberwidth=\dimen170
\c@linenumber=\count165
\c@pagewiselinenumber=\count166
\c@LN@truepage=\count167
\c@internallinenumber=\count168
\c@internallinenumbers=\count169
\quotelinenumbersep=\dimen171
\bframerule=\dimen172
\bframesep=\dimen173
\bframebox=\box40
LaTeX Info: Redefining \\ on input line 3056.
)
(/usr/share/texlive/texmf-dist/tex/latex/pgf/frontendlayer/tikz.sty
(/usr/share/texlive/texmf-dist/tex/latex/pgf/basiclayer/pgf.sty
(/usr/share/texlive/texmf-dist/tex/latex/pgf/utilities/pgfrcs.sty
(/usr/share/texlive/texmf-dist/tex/generic/pgf/utilities/pgfutil-common.tex
\pgfutil@everybye=\toks41
\pgfutil@tempdima=\dimen174
\pgfutil@tempdimb=\dimen175

(/usr/share/texlive/texmf-dist/tex/generic/pgf/utilities/pgfutil-common-lists.t
ex)) (/usr/share/texlive/texmf-dist/tex/generic/pgf/utilities/pgfutil-latex.def
\pgfutil@abb=\box41
(/usr/share/texlive/texmf-dist/tex/latex/ms/everyshi.sty
Package: everyshi 2001/05/15 v3.00 EveryShipout Package (MS)
))
(/usr/share/texlive/texmf-dist/tex/generic/pgf/utilities/pgfrcs.code.tex
Package: pgfrcs 2013/12/20 v3.0.0 (rcs-revision 1.28)
))
Package: pgf 2013/12/18 v3.0.0 (rcs-revision 1.14)

(/usr/share/texlive/texmf-dist/tex/latex/pgf/basiclayer/pgfcore.sty
(/usr/share/texlive/texmf-dist/tex/latex/pgf/systemlayer/pgfsys.sty
(/usr/share/texlive/texmf-dist/tex/generic/pgf/systemlayer/pgfsys.code.tex
Package: pgfsys 2013/11/30 v3.0.0 (rcs-revision 1.47)

(/usr/share/texlive/texmf-dist/tex/generic/pgf/utilities/pgfkeys.code.tex
\pgfkeys@pathtoks=\toks42
\pgfkeys@temptoks=\toks43

(/usr/share/texlive/texmf-dist/tex/generic/pgf/utilities/pgfkeysfiltered.code.t
ex
\pgfkeys@tmptoks=\toks44
))
\pgf@x=\dimen176
\pgf@y=\dimen177
\pgf@xa=\dimen178
\pgf@ya=\dimen179
\pgf@xb=\dimen180
\pgf@yb=\dimen181
\pgf@xc=\dimen182
\pgf@yc=\dimen183
\w@pgf@writea=\write5
\r@pgf@reada=\read3
\c@pgf@counta=\count170
\c@pgf@countb=\count171
\c@pgf@countc=\count172
\c@pgf@countd=\count173
\t@pgf@toka=\toks45
\t@pgf@tokb=\toks46
\t@pgf@tokc=\toks47
 (/usr/share/texlive/texmf-dist/tex/generic/pgf/systemlayer/pgf.cfg
File: pgf.cfg 2008/05/14  (rcs-revision 1.7)
)
Driver file for pgf: pgfsys-pdftex.def

(/usr/share/texlive/texmf-dist/tex/generic/pgf/systemlayer/pgfsys-pdftex.def
File: pgfsys-pdftex.def 2013/07/18  (rcs-revision 1.33)

(/usr/share/texlive/texmf-dist/tex/generic/pgf/systemlayer/pgfsys-common-pdf.de
f
File: pgfsys-common-pdf.def 2013/10/10  (rcs-revision 1.13)
)))
(/usr/share/texlive/texmf-dist/tex/generic/pgf/systemlayer/pgfsyssoftpath.code.
tex
File: pgfsyssoftpath.code.tex 2013/09/09  (rcs-revision 1.9)
\pgfsyssoftpath@smallbuffer@items=\count174
\pgfsyssoftpath@bigbuffer@items=\count175
)
(/usr/share/texlive/texmf-dist/tex/generic/pgf/systemlayer/pgfsysprotocol.code.
tex
File: pgfsysprotocol.code.tex 2006/10/16  (rcs-revision 1.4)
))
(/usr/share/texlive/texmf-dist/tex/generic/pgf/basiclayer/pgfcore.code.tex
Package: pgfcore 2010/04/11 v3.0.0 (rcs-revision 1.7)

(/usr/share/texlive/texmf-dist/tex/generic/pgf/math/pgfmath.code.tex
(/usr/share/texlive/texmf-dist/tex/generic/pgf/math/pgfmathcalc.code.tex
(/usr/share/texlive/texmf-dist/tex/generic/pgf/math/pgfmathutil.code.tex)
(/usr/share/texlive/texmf-dist/tex/generic/pgf/math/pgfmathparser.code.tex
\pgfmath@dimen=\dimen184
\pgfmath@count=\count176
\pgfmath@box=\box42
\pgfmath@toks=\toks48
\pgfmath@stack@operand=\toks49
\pgfmath@stack@operation=\toks50
)
(/usr/share/texlive/texmf-dist/tex/generic/pgf/math/pgfmathfunctions.code.tex
(/usr/share/texlive/texmf-dist/tex/generic/pgf/math/pgfmathfunctions.basic.code
.tex)
(/usr/share/texlive/texmf-dist/tex/generic/pgf/math/pgfmathfunctions.trigonomet
ric.code.tex)
(/usr/share/texlive/texmf-dist/tex/generic/pgf/math/pgfmathfunctions.random.cod
e.tex)
(/usr/share/texlive/texmf-dist/tex/generic/pgf/math/pgfmathfunctions.comparison
.code.tex)
(/usr/share/texlive/texmf-dist/tex/generic/pgf/math/pgfmathfunctions.base.code.
tex)
(/usr/share/texlive/texmf-dist/tex/generic/pgf/math/pgfmathfunctions.round.code
.tex)
(/usr/share/texlive/texmf-dist/tex/generic/pgf/math/pgfmathfunctions.misc.code.
tex)
(/usr/share/texlive/texmf-dist/tex/generic/pgf/math/pgfmathfunctions.integerari
thmetics.code.tex)))
(/usr/share/texlive/texmf-dist/tex/generic/pgf/math/pgfmathfloat.code.tex
\c@pgfmathroundto@lastzeros=\count177
))
(/usr/share/texlive/texmf-dist/tex/generic/pgf/basiclayer/pgfcorepoints.code.te
x
File: pgfcorepoints.code.tex 2013/10/07  (rcs-revision 1.27)
\pgf@picminx=\dimen185
\pgf@picmaxx=\dimen186
\pgf@picminy=\dimen187
\pgf@picmaxy=\dimen188
\pgf@pathminx=\dimen189
\pgf@pathmaxx=\dimen190
\pgf@pathminy=\dimen191
\pgf@pathmaxy=\dimen192
\pgf@xx=\dimen193
\pgf@xy=\dimen194
\pgf@yx=\dimen195
\pgf@yy=\dimen196
\pgf@zx=\dimen197
\pgf@zy=\dimen198
)
(/usr/share/texlive/texmf-dist/tex/generic/pgf/basiclayer/pgfcorepathconstruct.
code.tex
File: pgfcorepathconstruct.code.tex 2013/10/07  (rcs-revision 1.29)
\pgf@path@lastx=\dimen199
\pgf@path@lasty=\dimen200
)
(/usr/share/texlive/texmf-dist/tex/generic/pgf/basiclayer/pgfcorepathusage.code
.tex
File: pgfcorepathusage.code.tex 2013/12/13  (rcs-revision 1.23)
\pgf@shorten@end@additional=\dimen201
\pgf@shorten@start@additional=\dimen202
)
(/usr/share/texlive/texmf-dist/tex/generic/pgf/basiclayer/pgfcorescopes.code.te
x
File: pgfcorescopes.code.tex 2013/10/09  (rcs-revision 1.44)
\pgfpic=\box43
\pgf@hbox=\box44
\pgf@layerbox@main=\box45
\pgf@picture@serial@count=\count178
)
(/usr/share/texlive/texmf-dist/tex/generic/pgf/basiclayer/pgfcoregraphicstate.c
ode.tex
File: pgfcoregraphicstate.code.tex 2013/09/19  (rcs-revision 1.11)
\pgflinewidth=\dimen203
)
(/usr/share/texlive/texmf-dist/tex/generic/pgf/basiclayer/pgfcoretransformation
s.code.tex
File: pgfcoretransformations.code.tex 2013/10/10  (rcs-revision 1.17)
\pgf@pt@x=\dimen204
\pgf@pt@y=\dimen205
\pgf@pt@temp=\dimen206
)
(/usr/share/texlive/texmf-dist/tex/generic/pgf/basiclayer/pgfcorequick.code.tex
File: pgfcorequick.code.tex 2008/10/09  (rcs-revision 1.3)
)
(/usr/share/texlive/texmf-dist/tex/generic/pgf/basiclayer/pgfcoreobjects.code.t
ex
File: pgfcoreobjects.code.tex 2006/10/11  (rcs-revision 1.2)
)
(/usr/share/texlive/texmf-dist/tex/generic/pgf/basiclayer/pgfcorepathprocessing
.code.tex
File: pgfcorepathprocessing.code.tex 2013/09/09  (rcs-revision 1.9)
)
(/usr/share/texlive/texmf-dist/tex/generic/pgf/basiclayer/pgfcorearrows.code.te
x
File: pgfcorearrows.code.tex 2013/11/07  (rcs-revision 1.40)
\pgfarrowsep=\dimen207
)
(/usr/share/texlive/texmf-dist/tex/generic/pgf/basiclayer/pgfcoreshade.code.tex
File: pgfcoreshade.code.tex 2013/07/15  (rcs-revision 1.15)
\pgf@max=\dimen208
\pgf@sys@shading@range@num=\count179
)
(/usr/share/texlive/texmf-dist/tex/generic/pgf/basiclayer/pgfcoreimage.code.tex
File: pgfcoreimage.code.tex 2013/07/15  (rcs-revision 1.18)

(/usr/share/texlive/texmf-dist/tex/generic/pgf/basiclayer/pgfcoreexternal.code.
tex
File: pgfcoreexternal.code.tex 2013/07/15  (rcs-revision 1.20)
\pgfexternal@startupbox=\box46
))
(/usr/share/texlive/texmf-dist/tex/generic/pgf/basiclayer/pgfcorelayers.code.te
x
File: pgfcorelayers.code.tex 2013/07/18  (rcs-revision 1.7)
)
(/usr/share/texlive/texmf-dist/tex/generic/pgf/basiclayer/pgfcoretransparency.c
ode.tex
File: pgfcoretransparency.code.tex 2013/09/30  (rcs-revision 1.5)
)
(/usr/share/texlive/texmf-dist/tex/generic/pgf/basiclayer/pgfcorepatterns.code.
tex
File: pgfcorepatterns.code.tex 2013/11/07  (rcs-revision 1.5)
)))
(/usr/share/texlive/texmf-dist/tex/generic/pgf/modules/pgfmoduleshapes.code.tex
File: pgfmoduleshapes.code.tex 2013/10/31  (rcs-revision 1.34)
\pgfnodeparttextbox=\box47
) (/usr/share/texlive/texmf-dist/tex/generic/pgf/modules/pgfmoduleplot.code.tex
File: pgfmoduleplot.code.tex 2013/07/31  (rcs-revision 1.12)
)
(/usr/share/texlive/texmf-dist/tex/latex/pgf/compatibility/pgfcomp-version-0-65
.sty
Package: pgfcomp-version-0-65 2007/07/03 v3.0.0 (rcs-revision 1.7)
\pgf@nodesepstart=\dimen209
\pgf@nodesepend=\dimen210
)
(/usr/share/texlive/texmf-dist/tex/latex/pgf/compatibility/pgfcomp-version-1-18
.sty
Package: pgfcomp-version-1-18 2007/07/23 v3.0.0 (rcs-revision 1.1)
)) (/usr/share/texlive/texmf-dist/tex/latex/pgf/utilities/pgffor.sty
(/usr/share/texlive/texmf-dist/tex/latex/pgf/utilities/pgfkeys.sty
(/usr/share/texlive/texmf-dist/tex/generic/pgf/utilities/pgfkeys.code.tex))
(/usr/share/texlive/texmf-dist/tex/latex/pgf/math/pgfmath.sty
(/usr/share/texlive/texmf-dist/tex/generic/pgf/math/pgfmath.code.tex))
(/usr/share/texlive/texmf-dist/tex/generic/pgf/utilities/pgffor.code.tex
Package: pgffor 2013/12/13 v3.0.0 (rcs-revision 1.25)

(/usr/share/texlive/texmf-dist/tex/generic/pgf/math/pgfmath.code.tex)
\pgffor@iter=\dimen211
\pgffor@skip=\dimen212
\pgffor@stack=\toks51
\pgffor@toks=\toks52
))
(/usr/share/texlive/texmf-dist/tex/generic/pgf/frontendlayer/tikz/tikz.code.tex
Package: tikz 2013/12/13 v3.0.0 (rcs-revision 1.142)

(/usr/share/texlive/texmf-dist/tex/generic/pgf/libraries/pgflibraryplothandlers
.code.tex
File: pgflibraryplothandlers.code.tex 2013/08/31 v3.0.0 (rcs-revision 1.20)
\pgf@plot@mark@count=\count180
\pgfplotmarksize=\dimen213
)
\tikz@lastx=\dimen214
\tikz@lasty=\dimen215
\tikz@lastxsaved=\dimen216
\tikz@lastysaved=\dimen217
\tikzleveldistance=\dimen218
\tikzsiblingdistance=\dimen219
\tikz@figbox=\box48
\tikz@figbox@bg=\box49
\tikz@tempbox=\box50
\tikz@tempbox@bg=\box51
\tikztreelevel=\count181
\tikznumberofchildren=\count182
\tikznumberofcurrentchild=\count183
\tikz@fig@count=\count184

(/usr/share/texlive/texmf-dist/tex/generic/pgf/modules/pgfmodulematrix.code.tex
File: pgfmodulematrix.code.tex 2013/09/17  (rcs-revision 1.8)
\pgfmatrixcurrentrow=\count185
\pgfmatrixcurrentcolumn=\count186
\pgf@matrix@numberofcolumns=\count187
)
\tikz@expandcount=\count188

(/usr/share/texlive/texmf-dist/tex/generic/pgf/frontendlayer/tikz/libraries/tik
zlibrarytopaths.code.tex
File: tikzlibrarytopaths.code.tex 2008/06/17 v3.0.0 (rcs-revision 1.2)
)))
(/usr/share/texlive/texmf-dist/tex/generic/pgf/frontendlayer/tikz/libraries/tik
zlibraryshapes.code.tex
File: tikzlibraryshapes.code.tex 2008/01/09 v3.0.0 (rcs-revision 1.1)

(/usr/share/texlive/texmf-dist/tex/generic/pgf/frontendlayer/tikz/libraries/tik
zlibraryshapes.geometric.code.tex
File: tikzlibraryshapes.geometric.code.tex 2008/01/09 v3.0.0 (rcs-revision 1.1)


(/usr/share/texlive/texmf-dist/tex/generic/pgf/libraries/shapes/pgflibraryshape
s.geometric.code.tex
File: pgflibraryshapes.geometric.code.tex 2008/06/26 v3.0.0 (rcs-revision 1.1)
))
(/usr/share/texlive/texmf-dist/tex/generic/pgf/frontendlayer/tikz/libraries/tik
zlibraryshapes.misc.code.tex
File: tikzlibraryshapes.misc.code.tex 2008/01/09 v3.0.0 (rcs-revision 1.1)

(/usr/share/texlive/texmf-dist/tex/generic/pgf/libraries/shapes/pgflibraryshape
s.misc.code.tex
File: pgflibraryshapes.misc.code.tex 2013/07/18 v3.0.0 (rcs-revision 1.5)
))
(/usr/share/texlive/texmf-dist/tex/generic/pgf/frontendlayer/tikz/libraries/tik
zlibraryshapes.symbols.code.tex
File: tikzlibraryshapes.symbols.code.tex 2008/01/09 v3.0.0 (rcs-revision 1.1)

(/usr/share/texlive/texmf-dist/tex/generic/pgf/libraries/shapes/pgflibraryshape
s.symbols.code.tex
File: pgflibraryshapes.symbols.code.tex 2013/09/11 v3.0.0 (rcs-revision 1.6)
))
(/usr/share/texlive/texmf-dist/tex/generic/pgf/frontendlayer/tikz/libraries/tik
zlibraryshapes.arrows.code.tex
File: tikzlibraryshapes.arrows.code.tex 2008/01/09 v3.0.0 (rcs-revision 1.1)

(/usr/share/texlive/texmf-dist/tex/generic/pgf/libraries/shapes/pgflibraryshape
s.arrows.code.tex
File: pgflibraryshapes.arrows.code.tex 2008/06/26 v3.0.0 (rcs-revision 1.1)
))
(/usr/share/texlive/texmf-dist/tex/generic/pgf/frontendlayer/tikz/libraries/tik
zlibraryshapes.callouts.code.tex
(/usr/share/texlive/texmf-dist/tex/generic/pgf/libraries/shapes/pgflibraryshape
s.callouts.code.tex))
(/usr/share/texlive/texmf-dist/tex/generic/pgf/frontendlayer/tikz/libraries/tik
zlibraryshapes.multipart.code.tex
File: tikzlibraryshapes.multipart.code.tex 2008/01/09 v3.0.0 (rcs-revision 1.1)


(/usr/share/texlive/texmf-dist/tex/generic/pgf/libraries/shapes/pgflibraryshape
s.multipart.code.tex
File: pgflibraryshapes.multipart.code.tex 2010/01/07 v3.0.0 (rcs-revision 1.2)
\pgfnodepartlowerbox=\box52
\pgfnodeparttwobox=\box53
\pgfnodepartthreebox=\box54
\pgfnodepartfourbox=\box55
\pgfnodeparttwentybox=\box56
\pgfnodepartnineteenbox=\box57
\pgfnodeparteighteenbox=\box58
\pgfnodepartseventeenbox=\box59
\pgfnodepartsixteenbox=\box60
\pgfnodepartfifteenbox=\box61
\pgfnodepartfourteenbox=\box62
\pgfnodepartthirteenbox=\box63
\pgfnodeparttwelvebox=\box64
\pgfnodepartelevenbox=\box65
\pgfnodeparttenbox=\box66
\pgfnodepartninebox=\box67
\pgfnodeparteightbox=\box68
\pgfnodepartsevenbox=\box69
\pgfnodepartsixbox=\box70
\pgfnodepartfivebox=\box71
)))
(/usr/share/texlive/texmf-dist/tex/generic/pgf/frontendlayer/tikz/libraries/tik
zlibraryshadows.code.tex
File: tikzlibraryshadows.code.tex 2008/01/13 v3.0.0 (rcs-revision 1.3)

(/usr/share/texlive/texmf-dist/tex/generic/pgf/frontendlayer/tikz/libraries/tik
zlibraryfadings.code.tex
File: tikzlibraryfadings.code.tex 2009/11/15 v3.0.0 (rcs-revision 1.2)

(/usr/share/texlive/texmf-dist/tex/generic/pgf/libraries/pgflibraryfadings.code
.tex
File: pgflibraryfadings.code.tex 2008/02/07 v3.0.0 (rcs-revision 1.3)
)))
(/usr/share/texlive/texmf-dist/tex/generic/pgf/frontendlayer/tikz/libraries/tik
zlibraryarrows.code.tex
File: tikzlibraryarrows.code.tex 2008/01/09 v3.0.0 (rcs-revision 1.1)

(/usr/share/texlive/texmf-dist/tex/generic/pgf/libraries/pgflibraryarrows.code.
tex
File: pgflibraryarrows.code.tex 2013/09/23 v3.0.0 (rcs-revision 1.16)
\arrowsize=\dimen220
))
(/usr/share/texlive/texmf-dist/tex/generic/pgf/frontendlayer/tikz/libraries/tik
zlibrarypositioning.code.tex
File: tikzlibrarypositioning.code.tex 2008/10/06 v3.0.0 (rcs-revision 1.7)
) (./treatment_interactions paper.aux)
\openout1 = `"treatment_interactions paper.aux"'.

LaTeX Font Info:    Checking defaults for OML/cmm/m/it on input line 27.
LaTeX Font Info:    ... okay on input line 27.
LaTeX Font Info:    Checking defaults for T1/cmr/m/n on input line 27.
LaTeX Font Info:    ... okay on input line 27.
LaTeX Font Info:    Checking defaults for OT1/cmr/m/n on input line 27.
LaTeX Font Info:    ... okay on input line 27.
LaTeX Font Info:    Checking defaults for OMS/cmsy/m/n on input line 27.
LaTeX Font Info:    ... okay on input line 27.
LaTeX Font Info:    Checking defaults for OMX/cmex/m/n on input line 27.
LaTeX Font Info:    ... okay on input line 27.
LaTeX Font Info:    Checking defaults for U/cmr/m/n on input line 27.
LaTeX Font Info:    ... okay on input line 27.

(/home/zeileis/lib/texmf/tex/latex/apa/english.apa
File: english.apa 2006/01/01
)
\c@maskedRefs=\count189

(/usr/share/texlive/texmf-dist/tex/latex/apacite/english.apc
File: english.apc 2013/07/21 v6.03 apacite language file
LaTeX Info: Redefining \BPBI on input line 129.
LaTeX Info: Redefining \BHBI on input line 130.
)
(/usr/share/texlive/texmf-dist/tex/context/base/supp-pdf.mkii
[Loading MPS to PDF converter (version 2006.09.02).]
\scratchcounter=\count190
\scratchdimen=\dimen221
\scratchbox=\box72
\nofMPsegments=\count191
\nofMParguments=\count192
\everyMPshowfont=\toks53
\MPscratchCnt=\count193
\MPscratchDim=\dimen222
\MPnumerator=\count194
\makeMPintoPDFobject=\count195
\everyMPtoPDFconversion=\toks54
) (/usr/share/texlive/texmf-dist/tex/generic/oberdiek/pdftexcmds.sty
Package: pdftexcmds 2011/11/29 v0.20 Utility functions of pdfTeX for LuaTeX (HO
)

(/usr/share/texlive/texmf-dist/tex/generic/oberdiek/ifluatex.sty
Package: ifluatex 2010/03/01 v1.3 Provides the ifluatex switch (HO)
Package ifluatex Info: LuaTeX not detected.
)
Package pdftexcmds Info: LuaTeX not detected.
Package pdftexcmds Info: \pdf@primitive is available.
Package pdftexcmds Info: \pdf@ifprimitive is available.
Package pdftexcmds Info: \pdfdraftmode found.
)
(/usr/share/texlive/texmf-dist/tex/latex/oberdiek/epstopdf-base.sty
Package: epstopdf-base 2010/02/09 v2.5 Base part for package epstopdf

(/usr/share/texlive/texmf-dist/tex/latex/oberdiek/grfext.sty
Package: grfext 2010/08/19 v1.1 Manage graphics extensions (HO)

(/usr/share/texlive/texmf-dist/tex/generic/oberdiek/kvdefinekeys.sty
Package: kvdefinekeys 2011/04/07 v1.3 Define keys (HO)
))
(/usr/share/texlive/texmf-dist/tex/latex/oberdiek/kvoptions.sty
Package: kvoptions 2011/06/30 v3.11 Key value format for package options (HO)

(/usr/share/texlive/texmf-dist/tex/generic/oberdiek/kvsetkeys.sty
Package: kvsetkeys 2012/04/25 v1.16 Key value parser (HO)

(/usr/share/texlive/texmf-dist/tex/generic/oberdiek/etexcmds.sty
Package: etexcmds 2011/02/16 v1.5 Avoid name clashes with e-TeX commands (HO)
Package etexcmds Info: Could not find \expanded.
(etexcmds)             That can mean that you are not using pdfTeX 1.50 or
(etexcmds)             that some package has redefined \expanded.
(etexcmds)             In the latter case, load this package earlier.
)))
Package grfext Info: Graphics extension search list:
(grfext)             [.png,.pdf,.jpg,.mps,.jpeg,.jbig2,.jb2,.PNG,.PDF,.JPG,.JPE
G,.JBIG2,.JB2,.eps]
(grfext)             \AppendGraphicsExtensions on input line 452.

(/usr/share/texlive/texmf-dist/tex/latex/latexconfig/epstopdf-sys.cfg
File: epstopdf-sys.cfg 2010/07/13 v1.3 Configuration of (r)epstopdf for TeX Liv
e
))

Package ctable Warning:  Transparency disabled: incompatible with tikz package 
 on input line 27.

ABD: EveryShipout initializing macros

Class apa Warning: Abstract not defined.

Using title for running head
LaTeX Font Info:    Try loading font information for U+msa on input line 29.
(/usr/share/texlive/texmf-dist/tex/latex/amsfonts/umsa.fd
File: umsa.fd 2013/01/14 v3.01 AMS symbols A
)
LaTeX Font Info:    Try loading font information for U+msb on input line 29.

(/usr/share/texlive/texmf-dist/tex/latex/amsfonts/umsb.fd
File: umsb.fd 2013/01/14 v3.01 AMS symbols B
)
Underfull \vbox (badness 3713) has occurred while \output is active []

 [1
Non-PDF special ignored!

{/var/lib/texmf/fonts/map/pdftex/updmap/pdftex.map}]
Overfull \hbox (553.61551pt too wide) has occurred while \output is active
 \OT1/cmr/m/sl/10.95 DETECTION OF TREATMENT-SUBGROUP INTERACTIONS IN CLUSTERED 
DATASETS: COMBINING MODEL-BASED RECURSIVE PARTITIONING AND RANDOM-EFFECTS ESTIM
ATION  \OT1/cmr/m/n/10.95 2
 []

[2]
Overfull \hbox (553.61551pt too wide) has occurred while \output is active
 \OT1/cmr/m/sl/10.95 DETECTION OF TREATMENT-SUBGROUP INTERACTIONS IN CLUSTERED 
DATASETS: COMBINING MODEL-BASED RECURSIVE PARTITIONING AND RANDOM-EFFECTS ESTIM
ATION  \OT1/cmr/m/n/10.95 3
 []

[3] <Interaction_ex;treedepth1.pdf, id=48, 471.56676pt x 409.22897pt>
File: Interaction_ex;treedepth1.pdf Graphic file (type pdf)

<use Interaction_ex;treedepth1.pdf>
Package pdftex.def Info: Interaction_ex;treedepth1.pdf used on input line 64.
(pdftex.def)             Requested size: 227.62204pt x 197.53291pt.

Overfull \hbox (553.61551pt too wide) has occurred while \output is active
 \OT1/cmr/m/sl/10.95 DETECTION OF TREATMENT-SUBGROUP INTERACTIONS IN CLUSTERED 
DATASETS: COMBINING MODEL-BASED RECURSIVE PARTITIONING AND RANDOM-EFFECTS ESTIM
ATION  \OT1/cmr/m/n/10.95 4
 []

[4 <./Interaction_ex;treedepth1.pdf>]
Overfull \hbox (553.61551pt too wide) has occurred while \output is active
 \OT1/cmr/m/sl/10.95 DETECTION OF TREATMENT-SUBGROUP INTERACTIONS IN CLUSTERED 
DATASETS: COMBINING MODEL-BASED RECURSIVE PARTITIONING AND RANDOM-EFFECTS ESTIM
ATION  \OT1/cmr/m/n/10.95 5
 []

[5] <Interaction_ex;treedepth3.pdf, id=68, 708.24597pt x 463.0098pt>
File: Interaction_ex;treedepth3.pdf Graphic file (type pdf)

<use Interaction_ex;treedepth3.pdf>
Package pdftex.def Info: Interaction_ex;treedepth3.pdf used on input line 91.
(pdftex.def)             Requested size: 426.79134pt x 279.01611pt.

Overfull \hbox (553.61551pt too wide) has occurred while \output is active
 \OT1/cmr/m/sl/10.95 DETECTION OF TREATMENT-SUBGROUP INTERACTIONS IN CLUSTERED 
DATASETS: COMBINING MODEL-BASED RECURSIVE PARTITIONING AND RANDOM-EFFECTS ESTIM
ATION  \OT1/cmr/m/n/10.95 6
 []

[6 <./Interaction_ex;treedepth3.pdf>]
Overfull \hbox (47.66046pt too wide) in paragraph at lines 123--136
[] []
 []


Underfull \hbox (badness 10000) in paragraph at lines 123--136

 []


Overfull \hbox (553.61551pt too wide) has occurred while \output is active
 \OT1/cmr/m/sl/10.95 DETECTION OF TREATMENT-SUBGROUP INTERACTIONS IN CLUSTERED 
DATASETS: COMBINING MODEL-BASED RECURSIVE PARTITIONING AND RANDOM-EFFECTS ESTIM
ATION  \OT1/cmr/m/n/10.95 7
 []

[7]
Overfull \hbox (553.61551pt too wide) has occurred while \output is active
 \OT1/cmr/m/sl/10.95 DETECTION OF TREATMENT-SUBGROUP INTERACTIONS IN CLUSTERED 
DATASETS: COMBINING MODEL-BASED RECURSIVE PARTITIONING AND RANDOM-EFFECTS ESTIM
ATION  \OT1/cmr/m/n/10.95 8
 []

[8]
Underfull \hbox (badness 1688) in paragraph at lines 164--165
 \OT1/cmr/m/it/10.95 Datasets with treatment-subgroup in-ter-ac-tions\OT1/cmr/m
/n/10.95 .  For gen-er-at-ing datasets with
 []


Overfull \hbox (553.61551pt too wide) has occurred while \output is active
 \OT1/cmr/m/sl/10.95 DETECTION OF TREATMENT-SUBGROUP INTERACTIONS IN CLUSTERED 
DATASETS: COMBINING MODEL-BASED RECURSIVE PARTITIONING AND RANDOM-EFFECTS ESTIM
ATION  \OT1/cmr/m/n/10.95 9
 []

[9]
Overfull \hbox (559.09052pt too wide) has occurred while \output is active
 \OT1/cmr/m/sl/10.95 DETECTION OF TREATMENT-SUBGROUP INTERACTIONS IN CLUSTERED 
DATASETS: COMBINING MODEL-BASED RECURSIVE PARTITIONING AND RANDOM-EFFECTS ESTIM
ATION  \OT1/cmr/m/n/10.95 10
 []

[10]
Overfull \hbox (559.09052pt too wide) has occurred while \output is active
 \OT1/cmr/m/sl/10.95 DETECTION OF TREATMENT-SUBGROUP INTERACTIONS IN CLUSTERED 
DATASETS: COMBINING MODEL-BASED RECURSIVE PARTITIONING AND RANDOM-EFFECTS ESTIM
ATION  \OT1/cmr/m/n/10.95 11
 []

[11]
Overfull \hbox (559.09052pt too wide) has occurred while \output is active
 \OT1/cmr/m/sl/10.95 DETECTION OF TREATMENT-SUBGROUP INTERACTIONS IN CLUSTERED 
DATASETS: COMBINING MODEL-BASED RECURSIVE PARTITIONING AND RANDOM-EFFECTS ESTIM
ATION  \OT1/cmr/m/n/10.95 12
 []

[12] <treesize_mob_maxdepth=4_nointeract.pdf, id=110, 939.51pt x 505.89pt>
File: treesize_mob_maxdepth=4_nointeract.pdf Graphic file (type pdf)

<use treesize_mob_maxdepth=4_nointeract.pdf>
Package pdftex.def Info: treesize_mob_maxdepth=4_nointeract.pdf used on input l
ine 281.
(pdftex.def)             Requested size: 569.05511pt x 306.4156pt.

<treesize_mob_maxdepth=4.pdf, id=111, 1445.4pt x 505.89pt>
File: treesize_mob_maxdepth=4.pdf Graphic file (type pdf)

<use treesize_mob_maxdepth=4.pdf>
Package pdftex.def Info: treesize_mob_maxdepth=4.pdf used on input line 320.
(pdftex.def)             Requested size: 569.05511pt x 199.17207pt.

Overfull \hbox (559.09052pt too wide) has occurred while \output is active
 \OT1/cmr/m/sl/10.95 DETECTION OF TREATMENT-SUBGROUP INTERACTIONS IN CLUSTERED 
DATASETS: COMBINING MODEL-BASED RECURSIVE PARTITIONING AND RANDOM-EFFECTS ESTIM
ATION  \OT1/cmr/m/n/10.95 13
 []

[13]
Overfull \hbox (559.09052pt too wide) has occurred while \output is active
 \OT1/cmr/m/sl/10.95 DETECTION OF TREATMENT-SUBGROUP INTERACTIONS IN CLUSTERED 
DATASETS: COMBINING MODEL-BASED RECURSIVE PARTITIONING AND RANDOM-EFFECTS ESTIM
ATION  \OT1/cmr/m/n/10.95 14
 []

[14 <./treesize_mob_maxdepth=4_nointeract.pdf>]
Overfull \hbox (559.09052pt too wide) has occurred while \output is active
 \OT1/cmr/m/sl/10.95 DETECTION OF TREATMENT-SUBGROUP INTERACTIONS IN CLUSTERED 
DATASETS: COMBINING MODEL-BASED RECURSIVE PARTITIONING AND RANDOM-EFFECTS ESTIM
ATION  \OT1/cmr/m/n/10.95 15
 []

[15 <./treesize_mob_maxdepth=4.pdf>]
<truetree_mob_maxdepth=4.pdf, id=135, 1228.59pt x 505.89pt>
File: truetree_mob_maxdepth=4.pdf Graphic file (type pdf)

<use truetree_mob_maxdepth=4.pdf>
Package pdftex.def Info: truetree_mob_maxdepth=4.pdf used on input line 345.
(pdftex.def)             Requested size: 569.05511pt x 234.31781pt.

Overfull \hbox (559.09052pt too wide) has occurred while \output is active
 \OT1/cmr/m/sl/10.95 DETECTION OF TREATMENT-SUBGROUP INTERACTIONS IN CLUSTERED 
DATASETS: COMBINING MODEL-BASED RECURSIVE PARTITIONING AND RANDOM-EFFECTS ESTIM
ATION  \OT1/cmr/m/n/10.95 16
 []

[16]
Overfull \hbox (559.09052pt too wide) has occurred while \output is active
 \OT1/cmr/m/sl/10.95 DETECTION OF TREATMENT-SUBGROUP INTERACTIONS IN CLUSTERED 
DATASETS: COMBINING MODEL-BASED RECURSIVE PARTITIONING AND RANDOM-EFFECTS ESTIM
ATION  \OT1/cmr/m/n/10.95 17
 []

[17 <./truetree_mob_maxdepth=4.pdf>]
<correlation_mob_maxdepth=4.pdf, id=148, 1445.4pt x 505.89pt>
File: correlation_mob_maxdepth=4.pdf Graphic file (type pdf)

<use correlation_mob_maxdepth=4.pdf>
Package pdftex.def Info: correlation_mob_maxdepth=4.pdf used on input line 363.

(pdftex.def)             Requested size: 569.05511pt x 199.17207pt.

Overfull \hbox (559.09052pt too wide) has occurred while \output is active
 \OT1/cmr/m/sl/10.95 DETECTION OF TREATMENT-SUBGROUP INTERACTIONS IN CLUSTERED 
DATASETS: COMBINING MODEL-BASED RECURSIVE PARTITIONING AND RANDOM-EFFECTS ESTIM
ATION  \OT1/cmr/m/n/10.95 18
 []

[18]
Overfull \hbox (559.09052pt too wide) has occurred while \output is active
 \OT1/cmr/m/sl/10.95 DETECTION OF TREATMENT-SUBGROUP INTERACTIONS IN CLUSTERED 
DATASETS: COMBINING MODEL-BASED RECURSIVE PARTITIONING AND RANDOM-EFFECTS ESTIM
ATION  \OT1/cmr/m/n/10.95 19
 []

[19 <./correlation_mob_maxdepth=4.pdf>]
<app_lmtree.pdf, id=162, 650.43pt x 433.62pt>
File: app_lmtree.pdf Graphic file (type pdf)
 <use app_lmtree.pdf>
Package pdftex.def Info: app_lmtree.pdf used on input line 389.
(pdftex.def)             Requested size: 341.43306pt x 227.62744pt.

Overfull \hbox (559.09052pt too wide) has occurred while \output is active
 \OT1/cmr/m/sl/10.95 DETECTION OF TREATMENT-SUBGROUP INTERACTIONS IN CLUSTERED 
DATASETS: COMBINING MODEL-BASED RECURSIVE PARTITIONING AND RANDOM-EFFECTS ESTIM
ATION  \OT1/cmr/m/n/10.95 20
 []

[20 <./app_lmtree.pdf>] <app_lmertree.pdf, id=173, 433.62pt x 289.08pt>
File: app_lmertree.pdf Graphic file (type pdf)

<use app_lmertree.pdf>
Package pdftex.def Info: app_lmertree.pdf used on input line 398.
(pdftex.def)             Requested size: 284.52756pt x 189.69504pt.

Overfull \hbox (559.09052pt too wide) has occurred while \output is active
 \OT1/cmr/m/sl/10.95 DETECTION OF TREATMENT-SUBGROUP INTERACTIONS IN CLUSTERED 
DATASETS: COMBINING MODEL-BASED RECURSIVE PARTITIONING AND RANDOM-EFFECTS ESTIM
ATION  \OT1/cmr/m/n/10.95 21
 []

[21 <./app_lmertree.pdf>]
Overfull \hbox (559.09052pt too wide) has occurred while \output is active
 \OT1/cmr/m/sl/10.95 DETECTION OF TREATMENT-SUBGROUP INTERACTIONS IN CLUSTERED 
DATASETS: COMBINING MODEL-BASED RECURSIVE PARTITIONING AND RANDOM-EFFECTS ESTIM
ATION  \OT1/cmr/m/n/10.95 22
 []

[22]

Package lineno Warning: Linenumber reference failed, 
(lineno)                rerun to get it right.


Class apa Warning: \bibliographystyle command ignored on input line 433.

(./treatment_interactions paper.bbl
Underfull \hbox (badness 3260) in paragraph at lines 16--25
[]\OT1/cmr/m/n/10 Bates, D., Maech-ler, M., Bolker, B., & Walker, S. (2015).  \
OT1/cmr/m/it/10 lme4: Lin-ear mixed-
 []


Underfull \hbox (badness 10000) in paragraph at lines 16--25
\OT1/cmr/m/it/10 effects mod-els us-ing S4 classes.  \OT1/cmr/m/n/10 (R pack-ag
e ver-sion 1.1-8, re-trieved from
 []


Overfull \hbox (559.09052pt too wide) has occurred while \output is active
 \OT1/cmr/m/sl/10.95 DETECTION OF TREATMENT-SUBGROUP INTERACTIONS IN CLUSTERED 
DATASETS: COMBINING MODEL-BASED RECURSIVE PARTITIONING AND RANDOM-EFFECTS ESTIM
ATION  \OT1/cmr/m/n/10.95 23
 []

[23]
Underfull \vbox (badness 1616) has occurred while \output is active []


Overfull \hbox (559.09052pt too wide) has occurred while \output is active
 \OT1/cmr/m/sl/10.95 DETECTION OF TREATMENT-SUBGROUP INTERACTIONS IN CLUSTERED 
DATASETS: COMBINING MODEL-BASED RECURSIVE PARTITIONING AND RANDOM-EFFECTS ESTIM
ATION  \OT1/cmr/m/n/10.95 24
 []

[24])
Overfull \hbox (11.16692pt too wide) in paragraph at lines 439--457
[] []
 []


Underfull \hbox (badness 10000) in paragraph at lines 439--457

 []


Overfull \hbox (559.09052pt too wide) has occurred while \output is active
 \OT1/cmr/m/sl/10.95 DETECTION OF TREATMENT-SUBGROUP INTERACTIONS IN CLUSTERED 
DATASETS: COMBINING MODEL-BASED RECURSIVE PARTITIONING AND RANDOM-EFFECTS ESTIM
ATION  \OT1/cmr/m/n/10.95 25
 []

[25] (./treatment_interactions paper.aux)

LaTeX Warning: Label(s) may have changed. Rerun to get cross-references right.

 ) 
Here is how much of TeX's memory you used:
 18140 strings out of 494268
 358603 string characters out of 6166045
 440634 words of memory out of 5000000
 20960 multiletter control sequences out of 15000+600000
 20363 words of font info for 76 fonts, out of 8000000 for 9000
 523 hyphenation exceptions out of 8191
 55i,10n,78p,1842b,827s stack positions out of 5000i,500n,10000p,200000b,80000s
</usr/share/texlive/texmf-dist/fonts/type1/public/amsfonts/cm/cmbx10.pfb></us
r/share/texlive/texmf-dist/fonts/type1/public/amsfonts/cm/cmmi10.pfb></usr/shar
e/texlive/texmf-dist/fonts/type1/public/amsfonts/cm/cmmi5.pfb></usr/share/texli
ve/texmf-dist/fonts/type1/public/amsfonts/cm/cmmi6.pfb></usr/share/texlive/texm
f-dist/fonts/type1/public/amsfonts/cm/cmmi7.pfb></usr/share/texlive/texmf-dist/
fonts/type1/public/amsfonts/cm/cmmi8.pfb></usr/share/texlive/texmf-dist/fonts/t
ype1/public/amsfonts/cm/cmr10.pfb></usr/share/texlive/texmf-dist/fonts/type1/pu
blic/amsfonts/cm/cmr12.pfb></usr/share/texlive/texmf-dist/fonts/type1/public/am
sfonts/cm/cmr17.pfb></usr/share/texlive/texmf-dist/fonts/type1/public/amsfonts/
cm/cmr7.pfb></usr/share/texlive/texmf-dist/fonts/type1/public/amsfonts/cm/cmr8.
pfb></usr/share/texlive/texmf-dist/fonts/type1/public/amsfonts/cm/cmsl10.pfb></
usr/share/texlive/texmf-dist/fonts/type1/public/amsfonts/cm/cmss8.pfb></usr/sha
re/texlive/texmf-dist/fonts/type1/public/amsfonts/cm/cmsy10.pfb></usr/share/tex
live/texmf-dist/fonts/type1/public/amsfonts/cm/cmsy6.pfb></usr/share/texlive/te
xmf-dist/fonts/type1/public/amsfonts/cm/cmsy8.pfb></usr/share/texlive/texmf-dis
t/fonts/type1/public/amsfonts/cm/cmti10.pfb></usr/share/texlive/texmf-dist/font
s/type1/public/amsfonts/cm/cmtt10.pfb>
Output written on "treatment_interactions paper.pdf" (25 pages, 2319770 bytes).

PDF statistics:
 254 PDF objects out of 1000 (max. 8388607)
 161 compressed objects within 2 object streams
 0 named destinations out of 1000 (max. 500000)
 149 words of extra memory for PDF output out of 10000 (max. 10000000)

